<?xml version="1.0" encoding="UTF-8"?>
<robot generator="Robot 5.0.1 (Python 3.10.5 on win32)" generated="20220904 15:17:13.100" rpa="false" schemaversion="3">
<suite id="s1" name="TC1" source="D:\Robotframework projects\RobotFrameworkPractice\TestCases\TC1.robot">
<kw name="Open my Browser" library="login_resources_TC1" type="SETUP">
<kw name="Open Browser" library="SeleniumLibrary">
<arg>${LOGIN URL}</arg>
<arg>${BROWSER}</arg>
<doc>Opens a new browser instance to the optional ``url``.</doc>
<msg timestamp="20220904 15:17:13.251" level="INFO">Opening browser 'chrome' to base url 'https://teveclub.hu/'.</msg>
<status status="PASS" starttime="20220904 15:17:13.251" endtime="20220904 15:17:15.856"/>
</kw>
<kw name="Maximize Browser Window" library="SeleniumLibrary">
<doc>Maximizes current browser window.</doc>
<status status="PASS" starttime="20220904 15:17:15.856" endtime="20220904 15:17:15.976"/>
</kw>
<status status="PASS" starttime="20220904 15:17:13.251" endtime="20220904 15:17:15.977"/>
</kw>
<test id="s1-t1" name="Teve visit" line="10">
<kw name="LoginWithData">
<arg>${username}</arg>
<arg>${password}</arg>
<kw name="loginToApplication" library="login_resources_TC1">
<arg>${username}</arg>
<arg>${password}</arg>
<kw name="Input Text" library="SeleniumLibrary">
<arg>name:tevenev</arg>
<arg>${appusername}</arg>
<doc>Types the given ``text`` into the text field identified by ``locator``.</doc>
<msg timestamp="20220904 15:17:15.979" level="INFO">Typing text 'Patás Nyunyu' into text field 'name:tevenev'.</msg>
<status status="PASS" starttime="20220904 15:17:15.978" endtime="20220904 15:17:16.060"/>
</kw>
<kw name="Input Text" library="SeleniumLibrary">
<arg>name:pass</arg>
<arg>${apppassword}</arg>
<doc>Types the given ``text`` into the text field identified by ``locator``.</doc>
<msg timestamp="20220904 15:17:16.061" level="INFO">Typing text 'gyereideakurvaanyad' into text field 'name:pass'.</msg>
<status status="PASS" starttime="20220904 15:17:16.060" endtime="20220904 15:17:16.168"/>
</kw>
<kw name="Click Element" library="SeleniumLibrary">
<arg>//input[contains(@type,'image')]</arg>
<doc>Click the element identified by ``locator``.</doc>
<msg timestamp="20220904 15:17:16.168" level="INFO">Clicking element '//input[contains(@type,'image')]'.</msg>
<status status="PASS" starttime="20220904 15:17:16.168" endtime="20220904 15:17:16.730"/>
</kw>
<status status="PASS" starttime="20220904 15:17:15.978" endtime="20220904 15:17:16.731"/>
</kw>
<status status="PASS" starttime="20220904 15:17:15.978" endtime="20220904 15:17:16.731"/>
</kw>
<status status="PASS" starttime="20220904 15:17:15.977" endtime="20220904 15:17:16.731"/>
</test>
<test id="s1-t2" name="TodoTest" line="14">
<kw name="Learning" library="login_resources_TC1">
<kw name="Click Element" library="SeleniumLibrary">
<arg>//a[@href='/tanit.pet']</arg>
<doc>Click the element identified by ``locator``.</doc>
<msg timestamp="20220904 15:17:16.733" level="INFO">Clicking element '//a[@href='/tanit.pet']'.</msg>
<status status="PASS" starttime="20220904 15:17:16.732" endtime="20220904 15:17:17.027"/>
</kw>
<kw name="Page Should Contain" library="SeleniumLibrary">
<var>${lessonPresent}</var>
<arg>Válaszd ki, hogy mit tanuljon a tevéd:</arg>
<doc>Verifies that current page contains ``text``.</doc>
<msg timestamp="20220904 15:17:17.041" level="INFO">Current page contains text 'Válaszd ki, hogy mit tanuljon a tevéd:'.</msg>
<msg timestamp="20220904 15:17:17.042" level="INFO">${lessonPresent} = None</msg>
<status status="PASS" starttime="20220904 15:17:17.027" endtime="20220904 15:17:17.042"/>
</kw>
<if>
<branch type="IF" condition="${lessonPresent}">
<kw name="Select From List By Index" library="SeleniumLibrary">
<arg>xpath://*[@id="content ize"]/tbody/tr/td/table/tbody/tr[1]/td/font/b/div/form/div[1]/select</arg>
<arg>0</arg>
<doc>Selects options from selection list ``locator`` by ``indexes``.</doc>
<status status="NOT RUN" starttime="20220904 15:17:17.042" endtime="20220904 15:17:17.042"/>
</kw>
<kw name="Click Element" library="SeleniumLibrary">
<arg>//*[@id="content ize"]/tbody/tr/td/table/tbody/tr[1]/td/font/b/div/form/div[2]/input</arg>
<doc>Click the element identified by ``locator``.</doc>
<status status="NOT RUN" starttime="20220904 15:17:17.042" endtime="20220904 15:17:17.042"/>
</kw>
<status status="NOT RUN" starttime="20220904 15:17:17.042" endtime="20220904 15:17:17.042"/>
</branch>
<branch type="ELSE">
<kw name="Click Element" library="SeleniumLibrary">
<arg>//input[contains(@value,'Tanulj teve!')]</arg>
<doc>Click the element identified by ``locator``.</doc>
<msg timestamp="20220904 15:17:17.042" level="INFO">Clicking element '//input[contains(@value,'Tanulj teve!')]'.</msg>
<status status="PASS" starttime="20220904 15:17:17.042" endtime="20220904 15:17:17.395"/>
</kw>
<kw name="Click Element" library="SeleniumLibrary">
<arg>//area[contains(@shape,'poly')]</arg>
<doc>Click the element identified by ``locator``.</doc>
<msg timestamp="20220904 15:17:17.395" level="INFO">Clicking element '//area[contains(@shape,'poly')]'.</msg>
<status status="PASS" starttime="20220904 15:17:17.395" endtime="20220904 15:17:17.783"/>
</kw>
<status status="PASS" starttime="20220904 15:17:17.042" endtime="20220904 15:17:17.783"/>
</branch>
<status status="PASS" starttime="20220904 15:17:17.042" endtime="20220904 15:17:17.783"/>
</if>
<status status="PASS" starttime="20220904 15:17:16.732" endtime="20220904 15:17:17.783"/>
</kw>
<status status="PASS" starttime="20220904 15:17:16.732" endtime="20220904 15:17:17.784"/>
</test>
<kw name="Close Browsers" library="login_resources_TC1" type="TEARDOWN">
<kw name="Close All Browsers" library="SeleniumLibrary">
<doc>Closes all open browsers and resets the browser cache.</doc>
<status status="PASS" starttime="20220904 15:17:17.785" endtime="20220904 15:17:19.866"/>
</kw>
<status status="PASS" starttime="20220904 15:17:17.785" endtime="20220904 15:17:19.866"/>
</kw>
<status status="PASS" starttime="20220904 15:17:13.101" endtime="20220904 15:17:19.866"/>
</suite>
<statistics>
<total>
<stat pass="2" fail="0" skip="0">All Tests</stat>
</total>
<tag>
</tag>
<suite>
<stat pass="2" fail="0" skip="0" id="s1" name="TC1">TC1</stat>
</suite>
</statistics>
<errors>
</errors>
</robot>
