<?xml version="1.0" encoding="UTF-8"?>
<robot generator="Robot 5.0 (Python 3.10.4 on win32)" generated="20220614 15:07:02.992" rpa="false" schemaversion="3">
<suite id="s1" name="TC1" source="C:\Users\dhadjati\PycharmProjects\RobotFrameworkPractice\TestCases\TC1.robot">
<kw name="Open my Browser" library="login_resources_TC1" type="SETUP">
<kw name="Open Browser" library="SeleniumLibrary">
<arg>${LOGIN URL}</arg>
<arg>${BROWSER}</arg>
<doc>Opens a new browser instance to the optional ``url``.</doc>
<msg timestamp="20220614 15:07:04.123" level="INFO">Opening browser 'chrome' to base url 'https://teveclub.hu/'.</msg>
<status status="PASS" starttime="20220614 15:07:04.123" endtime="20220614 15:07:28.877"/>
</kw>
<kw name="Maximize Browser Window" library="SeleniumLibrary">
<doc>Maximizes current browser window.</doc>
<status status="PASS" starttime="20220614 15:07:28.878" endtime="20220614 15:07:28.998"/>
</kw>
<status status="PASS" starttime="20220614 15:07:04.123" endtime="20220614 15:07:28.999"/>
</kw>
<test id="s1-t1" name="LoginWithDataFromExcel" line="10">
<kw name="LoginWithExcel">
<arg>Patás Nyunyu</arg>
<arg>gyereideakurvaanyad</arg>
<kw name="Set Selenium Speed" library="SeleniumLibrary">
<arg>1</arg>
<doc>Sets the delay that is waited after each Selenium command.</doc>
<status status="PASS" starttime="20220614 15:07:29.001" endtime="20220614 15:07:29.001"/>
</kw>
<kw name="loginToApplication" library="login_resources_TC1">
<arg>${username}</arg>
<arg>${password}</arg>
<kw name="Input Text" library="SeleniumLibrary">
<arg>name:tevenev</arg>
<arg>${appusername}</arg>
<doc>Types the given ``text`` into the text field identified by ``locator``.</doc>
<msg timestamp="20220614 15:07:29.002" level="INFO">Typing text 'Patás Nyunyu' into text field 'name:tevenev'.</msg>
<status status="PASS" starttime="20220614 15:07:29.001" endtime="20220614 15:07:32.099"/>
</kw>
<kw name="Input Text" library="SeleniumLibrary">
<arg>name:pass</arg>
<arg>${apppassword}</arg>
<doc>Types the given ``text`` into the text field identified by ``locator``.</doc>
<msg timestamp="20220614 15:07:32.099" level="INFO">Typing text 'gyereideakurvaanyad' into text field 'name:pass'.</msg>
<status status="PASS" starttime="20220614 15:07:32.099" endtime="20220614 15:07:35.217"/>
</kw>
<kw name="Click Element" library="SeleniumLibrary">
<arg>//input[contains(@type,'image')]</arg>
<doc>Click the element identified by ``locator``.</doc>
<msg timestamp="20220614 15:07:35.217" level="INFO">Clicking element '//input[contains(@type,'image')]'.</msg>
<status status="PASS" starttime="20220614 15:07:35.217" endtime="20220614 15:07:38.707"/>
</kw>
<status status="PASS" starttime="20220614 15:07:29.001" endtime="20220614 15:07:38.707"/>
</kw>
<status status="PASS" starttime="20220614 15:07:29.000" endtime="20220614 15:07:38.708"/>
</kw>
<status status="PASS" starttime="20220614 15:07:28.999" endtime="20220614 15:07:38.708"/>
</test>
<kw name="Close Browsers" library="login_resources_TC1" type="TEARDOWN">
<kw name="Close All Browsers" library="SeleniumLibrary">
<doc>Closes all open browsers and resets the browser cache.</doc>
<status status="PASS" starttime="20220614 15:07:38.708" endtime="20220614 15:07:41.798"/>
</kw>
<status status="PASS" starttime="20220614 15:07:38.708" endtime="20220614 15:07:41.798"/>
</kw>
<status status="PASS" starttime="20220614 15:07:02.992" endtime="20220614 15:07:41.798"/>
</suite>
<statistics>
<total>
<stat pass="1" fail="0" skip="0">All Tests</stat>
</total>
<tag>
</tag>
<suite>
<stat pass="1" fail="0" skip="0" id="s1" name="TC1">TC1</stat>
</suite>
</statistics>
<errors>
</errors>
</robot>
