<?xml version="1.0" encoding="UTF-8"?>
<robot generator="Robot 5.0 (Python 3.10.4 on win32)" generated="20220615 11:59:48.616" rpa="false" schemaversion="3">
<suite id="s1" name="TC1" source="C:\Users\dhadjati\PycharmProjects\RobotFrameworkPractice\TestCases\TC1.robot">
<kw name="Open my Browser" library="login_resources_TC1" type="SETUP">
<kw name="Open Browser" library="SeleniumLibrary">
<arg>${LOGIN URL}</arg>
<arg>${BROWSER}</arg>
<doc>Opens a new browser instance to the optional ``url``.</doc>
<msg timestamp="20220615 11:59:48.864" level="INFO">Opening browser 'chrome' to base url 'https://teveclub.hu/'.</msg>
<status status="PASS" starttime="20220615 11:59:48.864" endtime="20220615 11:59:57.493"/>
</kw>
<kw name="Maximize Browser Window" library="SeleniumLibrary">
<doc>Maximizes current browser window.</doc>
<status status="PASS" starttime="20220615 11:59:57.493" endtime="20220615 11:59:57.614"/>
</kw>
<status status="PASS" starttime="20220615 11:59:48.864" endtime="20220615 11:59:57.614"/>
</kw>
<test id="s1-t1" name="Teve visit" line="10">
<kw name="LoginWithData">
<arg>${username}</arg>
<arg>${password}</arg>
<kw name="Set Selenium Speed" library="SeleniumLibrary">
<arg>1</arg>
<doc>Sets the delay that is waited after each Selenium command.</doc>
<status status="PASS" starttime="20220615 11:59:57.614" endtime="20220615 11:59:57.614"/>
</kw>
<kw name="loginToApplication" library="login_resources_TC1">
<arg>${username}</arg>
<arg>${password}</arg>
<kw name="Input Text" library="SeleniumLibrary">
<arg>name:tevenev</arg>
<arg>${appusername}</arg>
<doc>Types the given ``text`` into the text field identified by ``locator``.</doc>
<msg timestamp="20220615 11:59:57.614" level="INFO">Typing text 'Patás Nyunyu' into text field 'name:tevenev'.</msg>
<status status="PASS" starttime="20220615 11:59:57.614" endtime="20220615 12:00:00.701"/>
</kw>
<kw name="Input Text" library="SeleniumLibrary">
<arg>name:pass</arg>
<arg>${apppassword}</arg>
<doc>Types the given ``text`` into the text field identified by ``locator``.</doc>
<msg timestamp="20220615 12:00:00.701" level="INFO">Typing text 'gyereideakurvaanyad' into text field 'name:pass'.</msg>
<status status="PASS" starttime="20220615 12:00:00.701" endtime="20220615 12:00:03.819"/>
</kw>
<kw name="Click Element" library="SeleniumLibrary">
<arg>//input[contains(@type,'image')]</arg>
<doc>Click the element identified by ``locator``.</doc>
<msg timestamp="20220615 12:00:03.819" level="INFO">Clicking element '//input[contains(@type,'image')]'.</msg>
<status status="PASS" starttime="20220615 12:00:03.819" endtime="20220615 12:00:08.644"/>
</kw>
<status status="PASS" starttime="20220615 11:59:57.614" endtime="20220615 12:00:08.644"/>
</kw>
<status status="PASS" starttime="20220615 11:59:57.614" endtime="20220615 12:00:08.644"/>
</kw>
<status status="PASS" starttime="20220615 11:59:57.614" endtime="20220615 12:00:08.644"/>
</test>
<test id="s1-t2" name="TodoTest" line="14">
<kw name="Feeding" library="login_resources_TC1">
<kw name="Get Element Count" library="SeleniumLibrary">
<var>${countFood}</var>
<arg>xpath://select[contains(@name,'kaja')]/option</arg>
<doc>Returns the number of elements matching ``locator``.</doc>
<msg timestamp="20220615 12:00:09.667" level="INFO">${countFood} = 1</msg>
<status status="PASS" starttime="20220615 12:00:08.644" endtime="20220615 12:00:09.667"/>
</kw>
<kw name="Get Element Count" library="SeleniumLibrary">
<var>${countDrink}</var>
<arg>xpath://select[contains(@name,'pia')]/option</arg>
<doc>Returns the number of elements matching ``locator``.</doc>
<msg timestamp="20220615 12:00:10.680" level="INFO">${countDrink} = 1</msg>
<status status="PASS" starttime="20220615 12:00:09.667" endtime="20220615 12:00:10.680"/>
</kw>
<kw name="Execute Javascript" library="SeleniumLibrary">
<arg>window.scrollTo(0,document.body.scrollHeight)</arg>
<doc>Executes the given JavaScript code with possible arguments.</doc>
<msg timestamp="20220615 12:00:10.681" level="INFO">Executing JavaScript:
window.scrollTo(0,document.body.scrollHeight)
Without any arguments.</msg>
<status status="PASS" starttime="20220615 12:00:10.680" endtime="20220615 12:00:11.688"/>
</kw>
<kw name="Select From List By Value" library="SeleniumLibrary">
<arg>kaja</arg>
<arg>${countFood}</arg>
<doc>Selects options from selection list ``locator`` by ``values``.</doc>
<msg timestamp="20220615 12:00:11.689" level="INFO">Selecting options from selection list 'kaja' by value 1.</msg>
<status status="PASS" starttime="20220615 12:00:11.688" endtime="20220615 12:00:16.757"/>
</kw>
<kw name="Select From List By Value" library="SeleniumLibrary">
<arg>pia</arg>
<arg>${countDrink}</arg>
<doc>Selects options from selection list ``locator`` by ``values``.</doc>
<msg timestamp="20220615 12:00:16.757" level="INFO">Selecting options from selection list 'pia' by value 1.</msg>
<status status="PASS" starttime="20220615 12:00:16.757" endtime="20220615 12:00:21.829"/>
</kw>
<kw name="Click Element" library="SeleniumLibrary">
<arg>//input[contains(@value,'Mehet!')]</arg>
<doc>Click the element identified by ``locator``.</doc>
<msg timestamp="20220615 12:00:21.829" level="INFO">Clicking element '//input[contains(@value,'Mehet!')]'.</msg>
<status status="PASS" starttime="20220615 12:00:21.829" endtime="20220615 12:00:25.231"/>
</kw>
<status status="PASS" starttime="20220615 12:00:08.644" endtime="20220615 12:00:25.231"/>
</kw>
<kw name="Learning" library="login_resources_TC1">
<kw name="Click Element" library="SeleniumLibrary">
<arg>//a[@href='/tanit.pet']</arg>
<doc>Click the element identified by ``locator``.</doc>
<msg timestamp="20220615 12:00:25.231" level="INFO">Clicking element '//a[@href='/tanit.pet']'.</msg>
<status status="PASS" starttime="20220615 12:00:25.231" endtime="20220615 12:00:30.761"/>
</kw>
<kw name="Click Element" library="SeleniumLibrary">
<arg>//input[contains(@value,'Tanulj teve!')]</arg>
<doc>Click the element identified by ``locator``.</doc>
<msg timestamp="20220615 12:00:30.761" level="INFO">Clicking element '//input[contains(@value,'Tanulj teve!')]'.</msg>
<status status="PASS" starttime="20220615 12:00:30.761" endtime="20220615 12:00:33.646"/>
</kw>
<kw name="Click Element" library="SeleniumLibrary">
<arg>//area[contains(@shape,'poly')]</arg>
<doc>Click the element identified by ``locator``.</doc>
<msg timestamp="20220615 12:00:33.647" level="INFO">Clicking element '//area[contains(@shape,'poly')]'.</msg>
<status status="PASS" starttime="20220615 12:00:33.646" endtime="20220615 12:00:36.500"/>
</kw>
<status status="PASS" starttime="20220615 12:00:25.231" endtime="20220615 12:00:36.500"/>
</kw>
<status status="PASS" starttime="20220615 12:00:08.644" endtime="20220615 12:00:36.500"/>
</test>
<kw name="Close Browsers" library="login_resources_TC1" type="TEARDOWN">
<kw name="Close All Browsers" library="SeleniumLibrary">
<doc>Closes all open browsers and resets the browser cache.</doc>
<status status="PASS" starttime="20220615 12:00:36.500" endtime="20220615 12:00:39.573"/>
</kw>
<status status="PASS" starttime="20220615 12:00:36.500" endtime="20220615 12:00:39.573"/>
</kw>
<status status="PASS" starttime="20220615 11:59:48.619" endtime="20220615 12:00:39.573"/>
</suite>
<statistics>
<total>
<stat pass="2" fail="0" skip="0">All Tests</stat>
</total>
<tag>
</tag>
<suite>
<stat pass="2" fail="0" skip="0" id="s1" name="TC1">TC1</stat>
</suite>
</statistics>
<errors>
</errors>
</robot>
