<?xml version="1.0" encoding="UTF-8"?>
<robot generator="Robot 5.0 (Python 3.10.4 on win32)" generated="20220615 13:40:40.506" rpa="false" schemaversion="3">
<suite id="s1" name="DDT2 CSV" source="C:\Users\dhadjati\PycharmProjects\RobotFrameworkPractice\TestCases\DDT2_CSV.robot">
<kw name="Open my Browser" library="login_resources" type="SETUP">
<kw name="Open Browser" library="SeleniumLibrary">
<arg>${LOGIN URL}</arg>
<arg>${BROWSER}</arg>
<doc>Opens a new browser instance to the optional ``url``.</doc>
<msg timestamp="20220615 13:40:40.793" level="INFO">Opening browser 'chrome' to base url 'https://admin-demo.nopcommerce.com'.</msg>
<status status="PASS" starttime="20220615 13:40:40.793" endtime="20220615 13:40:44.561"/>
</kw>
<kw name="Maximize Browser Window" library="SeleniumLibrary">
<doc>Maximizes current browser window.</doc>
<status status="PASS" starttime="20220615 13:40:44.561" endtime="20220615 13:40:44.687"/>
</kw>
<status status="PASS" starttime="20220615 13:40:40.792" endtime="20220615 13:40:44.687"/>
</kw>
<test id="s1-t1" name="LoginTestwithExcel using" line="10">
<kw name="Invalid login">
<arg>admin@yourstore.com</arg>
<arg>adm</arg>
<kw name="Input username" library="login_resources">
<arg>${username}</arg>
<kw name="Input Text" library="SeleniumLibrary">
<arg>id:Email</arg>
<arg>${username}</arg>
<doc>Types the given ``text`` into the text field identified by ``locator``.</doc>
<msg timestamp="20220615 13:40:44.690" level="INFO">Typing text 'admin@yourstore.com' into text field 'id:Email'.</msg>
<status status="PASS" starttime="20220615 13:40:44.689" endtime="20220615 13:40:44.785"/>
</kw>
<status status="PASS" starttime="20220615 13:40:44.689" endtime="20220615 13:40:44.785"/>
</kw>
<kw name="input pwd" library="login_resources">
<arg>${password}</arg>
<kw name="Input Text" library="SeleniumLibrary">
<arg>id:Password</arg>
<arg>${password}</arg>
<doc>Types the given ``text`` into the text field identified by ``locator``.</doc>
<msg timestamp="20220615 13:40:44.786" level="INFO">Typing text 'adm' into text field 'id:Password'.</msg>
<status status="PASS" starttime="20220615 13:40:44.786" endtime="20220615 13:40:44.874"/>
</kw>
<status status="PASS" starttime="20220615 13:40:44.785" endtime="20220615 13:40:44.874"/>
</kw>
<kw name="click login button" library="login_resources">
<kw name="Click Element" library="SeleniumLibrary">
<arg>xpath://button[@type='submit'][contains(.,'Log in')]</arg>
<doc>Click the element identified by ``locator``.</doc>
<msg timestamp="20220615 13:40:44.875" level="INFO">Clicking element 'xpath://button[@type='submit'][contains(.,'Log in')]'.</msg>
<status status="PASS" starttime="20220615 13:40:44.875" endtime="20220615 13:40:45.324"/>
</kw>
<status status="PASS" starttime="20220615 13:40:44.874" endtime="20220615 13:40:45.324"/>
</kw>
<kw name="Error message should be visible" library="login_resources">
<kw name="Page Should Contain" library="SeleniumLibrary">
<arg>Login was unsuccessful</arg>
<doc>Verifies that current page contains ``text``.</doc>
<msg timestamp="20220615 13:40:45.337" level="INFO">Current page contains text 'Login was unsuccessful'.</msg>
<status status="PASS" starttime="20220615 13:40:45.325" endtime="20220615 13:40:45.337"/>
</kw>
<status status="PASS" starttime="20220615 13:40:45.324" endtime="20220615 13:40:45.337"/>
</kw>
<status status="PASS" starttime="20220615 13:40:44.689" endtime="20220615 13:40:45.337"/>
</kw>
<status status="PASS" starttime="20220615 13:40:44.687" endtime="20220615 13:40:45.338"/>
</test>
<test id="s1-t2" name="LoginTestwithExcel using" line="10">
<kw name="Invalid login">
<arg>adm@yourstore.com</arg>
<arg>admin</arg>
<kw name="Input username" library="login_resources">
<arg>${username}</arg>
<kw name="Input Text" library="SeleniumLibrary">
<arg>id:Email</arg>
<arg>${username}</arg>
<doc>Types the given ``text`` into the text field identified by ``locator``.</doc>
<msg timestamp="20220615 13:40:45.341" level="INFO">Typing text 'adm@yourstore.com' into text field 'id:Email'.</msg>
<status status="PASS" starttime="20220615 13:40:45.341" endtime="20220615 13:40:45.421"/>
</kw>
<status status="PASS" starttime="20220615 13:40:45.340" endtime="20220615 13:40:45.421"/>
</kw>
<kw name="input pwd" library="login_resources">
<arg>${password}</arg>
<kw name="Input Text" library="SeleniumLibrary">
<arg>id:Password</arg>
<arg>${password}</arg>
<doc>Types the given ``text`` into the text field identified by ``locator``.</doc>
<msg timestamp="20220615 13:40:45.422" level="INFO">Typing text 'admin' into text field 'id:Password'.</msg>
<status status="PASS" starttime="20220615 13:40:45.421" endtime="20220615 13:40:45.499"/>
</kw>
<status status="PASS" starttime="20220615 13:40:45.421" endtime="20220615 13:40:45.499"/>
</kw>
<kw name="click login button" library="login_resources">
<kw name="Click Element" library="SeleniumLibrary">
<arg>xpath://button[@type='submit'][contains(.,'Log in')]</arg>
<doc>Click the element identified by ``locator``.</doc>
<msg timestamp="20220615 13:40:45.499" level="INFO">Clicking element 'xpath://button[@type='submit'][contains(.,'Log in')]'.</msg>
<status status="PASS" starttime="20220615 13:40:45.499" endtime="20220615 13:40:45.897"/>
</kw>
<status status="PASS" starttime="20220615 13:40:45.499" endtime="20220615 13:40:45.897"/>
</kw>
<kw name="Error message should be visible" library="login_resources">
<kw name="Page Should Contain" library="SeleniumLibrary">
<arg>Login was unsuccessful</arg>
<doc>Verifies that current page contains ``text``.</doc>
<msg timestamp="20220615 13:40:45.907" level="INFO">Current page contains text 'Login was unsuccessful'.</msg>
<status status="PASS" starttime="20220615 13:40:45.898" endtime="20220615 13:40:45.907"/>
</kw>
<status status="PASS" starttime="20220615 13:40:45.897" endtime="20220615 13:40:45.907"/>
</kw>
<status status="PASS" starttime="20220615 13:40:45.340" endtime="20220615 13:40:45.907"/>
</kw>
<status status="PASS" starttime="20220615 13:40:45.339" endtime="20220615 13:40:45.908"/>
</test>
<test id="s1-t3" name="LoginTestwithExcel using" line="10">
<kw name="Invalid login">
<arg>adm123@yourstore.com</arg>
<arg>adm</arg>
<kw name="Input username" library="login_resources">
<arg>${username}</arg>
<kw name="Input Text" library="SeleniumLibrary">
<arg>id:Email</arg>
<arg>${username}</arg>
<doc>Types the given ``text`` into the text field identified by ``locator``.</doc>
<msg timestamp="20220615 13:40:45.911" level="INFO">Typing text 'adm123@yourstore.com' into text field 'id:Email'.</msg>
<status status="PASS" starttime="20220615 13:40:45.910" endtime="20220615 13:40:45.995"/>
</kw>
<status status="PASS" starttime="20220615 13:40:45.910" endtime="20220615 13:40:45.995"/>
</kw>
<kw name="input pwd" library="login_resources">
<arg>${password}</arg>
<kw name="Input Text" library="SeleniumLibrary">
<arg>id:Password</arg>
<arg>${password}</arg>
<doc>Types the given ``text`` into the text field identified by ``locator``.</doc>
<msg timestamp="20220615 13:40:45.996" level="INFO">Typing text 'adm' into text field 'id:Password'.</msg>
<status status="PASS" starttime="20220615 13:40:45.996" endtime="20220615 13:40:46.073"/>
</kw>
<status status="PASS" starttime="20220615 13:40:45.995" endtime="20220615 13:40:46.074"/>
</kw>
<kw name="click login button" library="login_resources">
<kw name="Click Element" library="SeleniumLibrary">
<arg>xpath://button[@type='submit'][contains(.,'Log in')]</arg>
<doc>Click the element identified by ``locator``.</doc>
<msg timestamp="20220615 13:40:46.074" level="INFO">Clicking element 'xpath://button[@type='submit'][contains(.,'Log in')]'.</msg>
<status status="PASS" starttime="20220615 13:40:46.074" endtime="20220615 13:40:46.559"/>
</kw>
<status status="PASS" starttime="20220615 13:40:46.074" endtime="20220615 13:40:46.559"/>
</kw>
<kw name="Error message should be visible" library="login_resources">
<kw name="Page Should Contain" library="SeleniumLibrary">
<arg>Login was unsuccessful</arg>
<doc>Verifies that current page contains ``text``.</doc>
<msg timestamp="20220615 13:40:46.570" level="INFO">Current page contains text 'Login was unsuccessful'.</msg>
<status status="PASS" starttime="20220615 13:40:46.560" endtime="20220615 13:40:46.570"/>
</kw>
<status status="PASS" starttime="20220615 13:40:46.560" endtime="20220615 13:40:46.570"/>
</kw>
<status status="PASS" starttime="20220615 13:40:45.910" endtime="20220615 13:40:46.570"/>
</kw>
<status status="PASS" starttime="20220615 13:40:45.909" endtime="20220615 13:40:46.570"/>
</test>
<kw name="Close Browser" library="SeleniumLibrary" type="TEARDOWN">
<doc>Closes the current browser.</doc>
<status status="PASS" starttime="20220615 13:40:46.571" endtime="20220615 13:40:48.698"/>
</kw>
<status status="PASS" starttime="20220615 13:40:40.508" endtime="20220615 13:40:48.698"/>
</suite>
<statistics>
<total>
<stat pass="3" fail="0" skip="0">All Tests</stat>
</total>
<tag>
</tag>
<suite>
<stat pass="3" fail="0" skip="0" id="s1" name="DDT2 CSV">DDT2 CSV</stat>
</suite>
</statistics>
<errors>
<msg timestamp="20220615 13:40:45.338" level="WARN">Multiple tests with name 'LoginTestwithExcel using' executed in suite 'DDT2 CSV'.</msg>
<msg timestamp="20220615 13:40:45.908" level="WARN">Multiple tests with name 'LoginTestwithExcel using' executed in suite 'DDT2 CSV'.</msg>
</errors>
</robot>
