<?xml version="1.0" encoding="UTF-8"?>
<robot generator="Robot 5.0.1 (Python 3.10.5 on win32)" generated="20220615 22:42:01.463" rpa="false" schemaversion="3">
<suite id="s1" name="TC1" source="D:\Robotframework-projects\RobotFrameworkPractice\TestCases\TC1.robot">
<kw name="Open my Browser" library="login_resources_TC1" type="SETUP">
<kw name="Open Browser" library="SeleniumLibrary">
<arg>${LOGIN URL}</arg>
<arg>${BROWSER}</arg>
<doc>Opens a new browser instance to the optional ``url``.</doc>
<msg timestamp="20220615 22:42:01.648" level="INFO">Opening browser 'chrome' to base url 'https://teveclub.hu/'.</msg>
<status status="PASS" starttime="20220615 22:42:01.648" endtime="20220615 22:42:03.321"/>
</kw>
<kw name="Maximize Browser Window" library="SeleniumLibrary">
<doc>Maximizes current browser window.</doc>
<status status="PASS" starttime="20220615 22:42:03.322" endtime="20220615 22:42:03.447"/>
</kw>
<status status="PASS" starttime="20220615 22:42:01.647" endtime="20220615 22:42:03.447"/>
</kw>
<test id="s1-t1" name="Teve visit" line="10">
<kw name="LoginWithData">
<arg>${username}</arg>
<arg>${password}</arg>
<kw name="Set Selenium Speed" library="SeleniumLibrary">
<arg>1</arg>
<doc>Sets the delay that is waited after each Selenium command.</doc>
<status status="PASS" starttime="20220615 22:42:03.449" endtime="20220615 22:42:03.449"/>
</kw>
<kw name="loginToApplication" library="login_resources_TC1">
<arg>${username}</arg>
<arg>${password}</arg>
<kw name="Input Text" library="SeleniumLibrary">
<arg>name:tevenev</arg>
<arg>${appusername}</arg>
<doc>Types the given ``text`` into the text field identified by ``locator``.</doc>
<msg timestamp="20220615 22:42:03.450" level="INFO">Typing text 'Patás Nyunyu' into text field 'name:tevenev'.</msg>
<status status="PASS" starttime="20220615 22:42:03.450" endtime="20220615 22:42:06.522"/>
</kw>
<kw name="Input Text" library="SeleniumLibrary">
<arg>name:pass</arg>
<arg>${apppassword}</arg>
<doc>Types the given ``text`` into the text field identified by ``locator``.</doc>
<msg timestamp="20220615 22:42:06.522" level="INFO">Typing text 'gyereideakurvaanyad' into text field 'name:pass'.</msg>
<status status="PASS" starttime="20220615 22:42:06.522" endtime="20220615 22:42:09.675"/>
</kw>
<kw name="Click Element" library="SeleniumLibrary">
<arg>//input[contains(@type,'image')]</arg>
<doc>Click the element identified by ``locator``.</doc>
<msg timestamp="20220615 22:42:09.675" level="INFO">Clicking element '//input[contains(@type,'image')]'.</msg>
<status status="PASS" starttime="20220615 22:42:09.675" endtime="20220615 22:42:12.083"/>
</kw>
<status status="PASS" starttime="20220615 22:42:03.449" endtime="20220615 22:42:12.083"/>
</kw>
<status status="PASS" starttime="20220615 22:42:03.449" endtime="20220615 22:42:12.083"/>
</kw>
<status status="PASS" starttime="20220615 22:42:03.448" endtime="20220615 22:42:12.083"/>
</test>
<test id="s1-t2" name="TodoTest" line="14">
<kw name="Feeding" library="login_resources_TC1">
<kw name="Get Element Count" library="SeleniumLibrary">
<var>${countFood}</var>
<arg>xpath://select[contains(@name,'kaja')]/option</arg>
<doc>Returns the number of elements matching ``locator``.</doc>
<msg timestamp="20220615 22:42:13.099" level="INFO">${countFood} = 0</msg>
<status status="PASS" starttime="20220615 22:42:12.085" endtime="20220615 22:42:13.099"/>
</kw>
<kw name="Get Element Count" library="SeleniumLibrary">
<var>${countDrink}</var>
<arg>xpath://select[contains(@name,'pia')]/option</arg>
<doc>Returns the number of elements matching ``locator``.</doc>
<msg timestamp="20220615 22:42:14.120" level="INFO">${countDrink} = 0</msg>
<status status="PASS" starttime="20220615 22:42:13.099" endtime="20220615 22:42:14.120"/>
</kw>
<kw name="Execute Javascript" library="SeleniumLibrary">
<arg>window.scrollTo(0,document.body.scrollHeight)</arg>
<doc>Executes the given JavaScript code with possible arguments.</doc>
<msg timestamp="20220615 22:42:14.120" level="INFO">Executing JavaScript:
window.scrollTo(0,document.body.scrollHeight)
Without any arguments.</msg>
<status status="PASS" starttime="20220615 22:42:14.120" endtime="20220615 22:42:15.126"/>
</kw>
<kw name="Select From List By Value" library="SeleniumLibrary">
<arg>kaja</arg>
<arg>${countFood}</arg>
<doc>Selects options from selection list ``locator`` by ``values``.</doc>
<msg timestamp="20220615 22:42:15.126" level="INFO">Selecting options from selection list 'kaja' by value 0.</msg>
<msg timestamp="20220615 22:42:17.282" level="INFO" html="true">&lt;/td&gt;&lt;/tr&gt;&lt;tr&gt;&lt;td colspan="3"&gt;&lt;a href="selenium-screenshot-13.png"&gt;&lt;img src="selenium-screenshot-13.png" width="800px"&gt;&lt;/a&gt;</msg>
<msg timestamp="20220615 22:42:17.283" level="FAIL">List with locator 'kaja' not found.</msg>
<status status="FAIL" starttime="20220615 22:42:15.126" endtime="20220615 22:42:17.284"/>
</kw>
<kw name="Select From List By Value" library="SeleniumLibrary">
<arg>pia</arg>
<arg>${countDrink}</arg>
<doc>Selects options from selection list ``locator`` by ``values``.</doc>
<status status="NOT RUN" starttime="20220615 22:42:17.284" endtime="20220615 22:42:17.284"/>
</kw>
<kw name="Click Element" library="SeleniumLibrary">
<arg>//input[contains(@value,'Mehet!')]</arg>
<doc>Click the element identified by ``locator``.</doc>
<status status="NOT RUN" starttime="20220615 22:42:17.284" endtime="20220615 22:42:17.284"/>
</kw>
<status status="FAIL" starttime="20220615 22:42:12.084" endtime="20220615 22:42:17.285"/>
</kw>
<kw name="Learning" library="login_resources_TC1">
<status status="NOT RUN" starttime="20220615 22:42:17.285" endtime="20220615 22:42:17.285"/>
</kw>
<status status="FAIL" starttime="20220615 22:42:12.084" endtime="20220615 22:42:17.285">List with locator 'kaja' not found.</status>
</test>
<kw name="Close Browsers" library="login_resources_TC1" type="TEARDOWN">
<kw name="Close All Browsers" library="SeleniumLibrary">
<doc>Closes all open browsers and resets the browser cache.</doc>
<status status="PASS" starttime="20220615 22:42:17.287" endtime="20220615 22:42:20.339"/>
</kw>
<status status="PASS" starttime="20220615 22:42:17.286" endtime="20220615 22:42:20.339"/>
</kw>
<status status="FAIL" starttime="20220615 22:42:01.464" endtime="20220615 22:42:20.339"/>
</suite>
<statistics>
<total>
<stat pass="1" fail="1" skip="0">All Tests</stat>
</total>
<tag>
</tag>
<suite>
<stat pass="1" fail="1" skip="0" id="s1" name="TC1">TC1</stat>
</suite>
</statistics>
<errors>
</errors>
</robot>
