<?xml version="1.0" encoding="UTF-8"?>
<robot generator="Robot 5.0.1 (Python 3.10.5 on win32)" generated="20220905 12:17:50.838" rpa="false" schemaversion="3">
<suite id="s1" name="TC1" source="D:\Robotframework projects\RobotFrameworkPractice\TestCases\TC1.robot">
<kw name="Open my Browser" library="login_resources_TC1" type="SETUP">
<kw name="Open Browser" library="SeleniumLibrary">
<arg>${LOGIN URL}</arg>
<arg>${BROWSER}</arg>
<doc>Opens a new browser instance to the optional ``url``.</doc>
<msg timestamp="20220905 12:17:50.991" level="INFO">Opening browser 'headlesschrome' to base url 'https://teveclub.hu/'.</msg>
<status status="PASS" starttime="20220905 12:17:50.991" endtime="20220905 12:17:52.683"/>
</kw>
<kw name="Maximize Browser Window" library="SeleniumLibrary">
<doc>Maximizes current browser window.</doc>
<status status="PASS" starttime="20220905 12:17:52.683" endtime="20220905 12:17:52.790"/>
</kw>
<status status="PASS" starttime="20220905 12:17:50.990" endtime="20220905 12:17:52.790"/>
</kw>
<test id="s1-t1" name="Teve visit" line="10">
<kw name="LoginWithData">
<arg>${username}</arg>
<arg>${password}</arg>
<kw name="loginToApplication" library="login_resources_TC1">
<arg>${username}</arg>
<arg>${password}</arg>
<kw name="Input Text" library="SeleniumLibrary">
<arg>name:tevenev</arg>
<arg>${appusername}</arg>
<doc>Types the given ``text`` into the text field identified by ``locator``.</doc>
<msg timestamp="20220905 12:17:52.792" level="INFO">Typing text 'Patás Nyunyu' into text field 'name:tevenev'.</msg>
<status status="PASS" starttime="20220905 12:17:52.791" endtime="20220905 12:17:52.851"/>
</kw>
<kw name="Input Text" library="SeleniumLibrary">
<arg>name:pass</arg>
<arg>${apppassword}</arg>
<doc>Types the given ``text`` into the text field identified by ``locator``.</doc>
<msg timestamp="20220905 12:17:52.851" level="INFO">Typing text 'gyereideakurvaanyad' into text field 'name:pass'.</msg>
<status status="PASS" starttime="20220905 12:17:52.851" endtime="20220905 12:17:52.949"/>
</kw>
<kw name="Click Element" library="SeleniumLibrary">
<arg>//input[contains(@type,'image')]</arg>
<doc>Click the element identified by ``locator``.</doc>
<msg timestamp="20220905 12:17:52.949" level="INFO">Clicking element '//input[contains(@type,'image')]'.</msg>
<status status="PASS" starttime="20220905 12:17:52.949" endtime="20220905 12:17:53.610"/>
</kw>
<status status="PASS" starttime="20220905 12:17:52.791" endtime="20220905 12:17:53.611"/>
</kw>
<status status="PASS" starttime="20220905 12:17:52.791" endtime="20220905 12:17:53.611"/>
</kw>
<status status="PASS" starttime="20220905 12:17:52.790" endtime="20220905 12:17:53.611"/>
</test>
<test id="s1-t2" name="TodoTest" line="14">
<kw name="Feeding" library="login_resources_TC1">
<kw name="Run Keyword And Return Status" library="BuiltIn">
<var>${feedable}</var>
<arg>element should be visible</arg>
<arg>//input[contains(@value,'Mehet!')]</arg>
<doc>Runs the given keyword with given arguments and returns the status as a Boolean value.</doc>
<kw name="Element Should Be Visible" library="SeleniumLibrary">
<arg>//input[contains(@value,'Mehet!')]</arg>
<doc>Verifies that the element identified by ``locator`` is visible.</doc>
<msg timestamp="20220905 12:17:53.740" level="INFO" html="true">&lt;/td&gt;&lt;/tr&gt;&lt;tr&gt;&lt;td colspan="3"&gt;&lt;a href="selenium-screenshot-26.png"&gt;&lt;img src="selenium-screenshot-26.png" width="800px"&gt;&lt;/a&gt;</msg>
<msg timestamp="20220905 12:17:53.740" level="FAIL">Element with locator '//input[contains(@value,'Mehet!')]' not found.</msg>
<status status="FAIL" starttime="20220905 12:17:53.613" endtime="20220905 12:17:53.742"/>
</kw>
<msg timestamp="20220905 12:17:53.742" level="INFO">${feedable} = False</msg>
<status status="PASS" starttime="20220905 12:17:53.613" endtime="20220905 12:17:53.742"/>
</kw>
<if>
<branch type="IF" condition="${feedable}">
<kw name="Get Element Count" library="SeleniumLibrary">
<var>${countFood}</var>
<arg>xpath://select[contains(@name,'kaja')]/option</arg>
<doc>Returns the number of elements matching ``locator``.</doc>
<status status="NOT RUN" starttime="20220905 12:17:53.742" endtime="20220905 12:17:53.742"/>
</kw>
<kw name="Get Element Count" library="SeleniumLibrary">
<var>${countDrink}</var>
<arg>xpath://select[contains(@name,'pia')]/option</arg>
<doc>Returns the number of elements matching ``locator``.</doc>
<status status="NOT RUN" starttime="20220905 12:17:53.742" endtime="20220905 12:17:53.742"/>
</kw>
<kw name="Execute Javascript" library="SeleniumLibrary">
<arg>window.scrollTo(0,document.body.scrollHeight)</arg>
<doc>Executes the given JavaScript code with possible arguments.</doc>
<status status="NOT RUN" starttime="20220905 12:17:53.742" endtime="20220905 12:17:53.742"/>
</kw>
<kw name="Select From List By Value" library="SeleniumLibrary">
<arg>kaja</arg>
<arg>${countFood}</arg>
<doc>Selects options from selection list ``locator`` by ``values``.</doc>
<status status="NOT RUN" starttime="20220905 12:17:53.742" endtime="20220905 12:17:53.742"/>
</kw>
<kw name="Select From List By Value" library="SeleniumLibrary">
<arg>pia</arg>
<arg>${countDrink}</arg>
<doc>Selects options from selection list ``locator`` by ``values``.</doc>
<status status="NOT RUN" starttime="20220905 12:17:53.742" endtime="20220905 12:17:53.742"/>
</kw>
<kw name="Click Element" library="SeleniumLibrary">
<arg>//input[contains(@value,'Mehet!')]</arg>
<doc>Click the element identified by ``locator``.</doc>
<status status="NOT RUN" starttime="20220905 12:17:53.742" endtime="20220905 12:17:53.742"/>
</kw>
<status status="NOT RUN" starttime="20220905 12:17:53.742" endtime="20220905 12:17:53.742"/>
</branch>
<status status="PASS" starttime="20220905 12:17:53.742" endtime="20220905 12:17:53.742"/>
</if>
<status status="PASS" starttime="20220905 12:17:53.612" endtime="20220905 12:17:53.742"/>
</kw>
<kw name="Learning" library="login_resources_TC1">
<kw name="Click Element" library="SeleniumLibrary">
<arg>//a[@href='/tanit.pet']</arg>
<doc>Click the element identified by ``locator``.</doc>
<msg timestamp="20220905 12:17:53.743" level="INFO">Clicking element '//a[@href='/tanit.pet']'.</msg>
<status status="PASS" starttime="20220905 12:17:53.743" endtime="20220905 12:17:54.164"/>
</kw>
<kw name="Run Keyword And Return Status" library="BuiltIn">
<var>${lessonPresent}</var>
<arg>page should contain</arg>
<arg>Válaszd ki, hogy mit tanuljon a tevéd:</arg>
<doc>Runs the given keyword with given arguments and returns the status as a Boolean value.</doc>
<kw name="Page Should Contain" library="SeleniumLibrary">
<arg>Válaszd ki, hogy mit tanuljon a tevéd:</arg>
<doc>Verifies that current page contains ``text``.</doc>
<msg timestamp="20220905 12:17:54.571" level="INFO" html="true">&lt;/td&gt;&lt;/tr&gt;&lt;tr&gt;&lt;td colspan="3"&gt;&lt;a href="selenium-screenshot-27.png"&gt;&lt;img src="selenium-screenshot-27.png" width="800px"&gt;&lt;/a&gt;</msg>
<msg timestamp="20220905 12:17:54.571" level="FAIL">Page should have contained text 'Válaszd ki, hogy mit tanuljon a tevéd:' but did not.</msg>
<status status="FAIL" starttime="20220905 12:17:54.164" endtime="20220905 12:17:54.571"/>
</kw>
<msg timestamp="20220905 12:17:54.572" level="INFO">${lessonPresent} = False</msg>
<status status="PASS" starttime="20220905 12:17:54.164" endtime="20220905 12:17:54.572"/>
</kw>
<if>
<branch type="IF" condition="${lessonPresent}">
<kw name="Select From List By Index" library="SeleniumLibrary">
<arg>xpath://*[@id="content ize"]/tbody/tr/td/table/tbody/tr[1]/td/font/b/div/form/div[1]/select</arg>
<arg>0</arg>
<doc>Selects options from selection list ``locator`` by ``indexes``.</doc>
<status status="NOT RUN" starttime="20220905 12:17:54.572" endtime="20220905 12:17:54.572"/>
</kw>
<kw name="Click Element" library="SeleniumLibrary">
<arg>//*[@id="content ize"]/tbody/tr/td/table/tbody/tr[1]/td/font/b/div/form/div[2]/input</arg>
<doc>Click the element identified by ``locator``.</doc>
<status status="NOT RUN" starttime="20220905 12:17:54.572" endtime="20220905 12:17:54.572"/>
</kw>
<status status="NOT RUN" starttime="20220905 12:17:54.572" endtime="20220905 12:17:54.572"/>
</branch>
<branch type="ELSE">
<kw name="Click Element" library="SeleniumLibrary">
<arg>//input[contains(@value,'Tanulj teve!')]</arg>
<doc>Click the element identified by ``locator``.</doc>
<msg timestamp="20220905 12:17:54.572" level="INFO">Clicking element '//input[contains(@value,'Tanulj teve!')]'.</msg>
<status status="PASS" starttime="20220905 12:17:54.572" endtime="20220905 12:17:54.923"/>
</kw>
<kw name="Click Element" library="SeleniumLibrary">
<arg>//area[contains(@shape,'poly')]</arg>
<doc>Click the element identified by ``locator``.</doc>
<msg timestamp="20220905 12:17:54.923" level="INFO">Clicking element '//area[contains(@shape,'poly')]'.</msg>
<status status="PASS" starttime="20220905 12:17:54.923" endtime="20220905 12:17:55.207"/>
</kw>
<status status="PASS" starttime="20220905 12:17:54.572" endtime="20220905 12:17:55.207"/>
</branch>
<status status="PASS" starttime="20220905 12:17:54.572" endtime="20220905 12:17:55.207"/>
</if>
<status status="PASS" starttime="20220905 12:17:53.743" endtime="20220905 12:17:55.207"/>
</kw>
<status status="PASS" starttime="20220905 12:17:53.612" endtime="20220905 12:17:55.207"/>
</test>
<kw name="Close Browsers" library="login_resources_TC1" type="TEARDOWN">
<kw name="Close All Browsers" library="SeleniumLibrary">
<doc>Closes all open browsers and resets the browser cache.</doc>
<status status="PASS" starttime="20220905 12:17:55.209" endtime="20220905 12:17:57.254"/>
</kw>
<status status="PASS" starttime="20220905 12:17:55.208" endtime="20220905 12:17:57.254"/>
</kw>
<status status="PASS" starttime="20220905 12:17:50.839" endtime="20220905 12:17:57.254"/>
</suite>
<statistics>
<total>
<stat pass="2" fail="0" skip="0">All Tests</stat>
</total>
<tag>
</tag>
<suite>
<stat pass="2" fail="0" skip="0" id="s1" name="TC1">TC1</stat>
</suite>
</statistics>
<errors>
</errors>
</robot>
