<?xml version="1.0" encoding="UTF-8"?>
<robot generator="Robot 6.0 (Python 3.10.8 on win32)" generated="20221123 09:45:42.060" rpa="false" schemaversion="3">
<suite id="s1" name="TC1" source="D:\Projects\Robotframework projects\RobotFrameworkPractice\TestCases\TC1.robot">
<kw name="Open my Browser" library="login_resources_TC1" type="SETUP">
<kw name="Open Browser" library="SeleniumLibrary">
<arg>${LOGIN URL}</arg>
<arg>${BROWSER}</arg>
<doc>Opens a new browser instance to the optional ``url``.</doc>
<msg timestamp="20221123 09:45:42.555" level="INFO">Opening browser 'headlesschrome' to base url 'https://teveclub.hu/'.</msg>
<status status="PASS" starttime="20221123 09:45:42.555" endtime="20221123 09:45:46.892"/>
</kw>
<kw name="Maximize Browser Window" library="SeleniumLibrary">
<doc>Maximizes current browser window.</doc>
<status status="PASS" starttime="20221123 09:45:46.892" endtime="20221123 09:45:47.010"/>
</kw>
<status status="PASS" starttime="20221123 09:45:42.554" endtime="20221123 09:45:47.010"/>
</kw>
<test id="s1-t1" name="Teve visit" line="10">
<kw name="LoginWithData">
<arg>${username}</arg>
<arg>${password}</arg>
<kw name="loginToApplication" library="login_resources_TC1">
<arg>${username}</arg>
<arg>${password}</arg>
<kw name="Input Text" library="SeleniumLibrary">
<arg>name:tevenev</arg>
<arg>${appusername}</arg>
<doc>Types the given ``text`` into the text field identified by ``locator``.</doc>
<msg timestamp="20221123 09:45:47.012" level="INFO">Typing text 'Patás Nyunyu' into text field 'name:tevenev'.</msg>
<status status="PASS" starttime="20221123 09:45:47.011" endtime="20221123 09:45:47.055"/>
</kw>
<kw name="Input Text" library="SeleniumLibrary">
<arg>name:pass</arg>
<arg>${apppassword}</arg>
<doc>Types the given ``text`` into the text field identified by ``locator``.</doc>
<msg timestamp="20221123 09:45:47.055" level="INFO">Typing text 'gyereideakurvaanyad' into text field 'name:pass'.</msg>
<status status="PASS" starttime="20221123 09:45:47.055" endtime="20221123 09:45:47.105"/>
</kw>
<kw name="Click Element" library="SeleniumLibrary">
<arg>//input[contains(@type,'image')]</arg>
<doc>Click the element identified by ``locator``.</doc>
<msg timestamp="20221123 09:45:47.106" level="INFO">Clicking element '//input[contains(@type,'image')]'.</msg>
<status status="PASS" starttime="20221123 09:45:47.105" endtime="20221123 09:45:47.534"/>
</kw>
<status status="PASS" starttime="20221123 09:45:47.011" endtime="20221123 09:45:47.534"/>
</kw>
<status status="PASS" starttime="20221123 09:45:47.011" endtime="20221123 09:45:47.534"/>
</kw>
<status status="PASS" starttime="20221123 09:45:47.010" endtime="20221123 09:45:47.535"/>
</test>
<test id="s1-t2" name="TodoTest" line="14">
<kw name="Feeding" library="login_resources_TC1">
<kw name="Run Keyword And Return Status" library="BuiltIn">
<var>${feedable}</var>
<arg>element should be visible</arg>
<arg>//input[contains(@value,'Mehet!')]</arg>
<doc>Runs the given keyword with given arguments and returns the status as a Boolean value.</doc>
<kw name="Element Should Be Visible" library="SeleniumLibrary">
<arg>//input[contains(@value,'Mehet!')]</arg>
<doc>Verifies that the element identified by ``locator`` is visible.</doc>
<msg timestamp="20221123 09:45:47.687" level="INFO" html="true">&lt;/td&gt;&lt;/tr&gt;&lt;tr&gt;&lt;td colspan="3"&gt;&lt;a href="selenium-screenshot-35.png"&gt;&lt;img src="selenium-screenshot-35.png" width="800px"&gt;&lt;/a&gt;</msg>
<msg timestamp="20221123 09:45:47.688" level="FAIL">Element with locator '//input[contains(@value,'Mehet!')]' not found.</msg>
<status status="FAIL" starttime="20221123 09:45:47.537" endtime="20221123 09:45:47.697"/>
</kw>
<msg timestamp="20221123 09:45:47.697" level="INFO">${feedable} = False</msg>
<status status="PASS" starttime="20221123 09:45:47.536" endtime="20221123 09:45:47.697"/>
</kw>
<kw name="Execute Javascript" library="SeleniumLibrary">
<arg>window.scrollTo(0,document.body.scrollHeight)</arg>
<doc>Executes the given JavaScript code with possible arguments.</doc>
<msg timestamp="20221123 09:45:47.698" level="INFO">Executing JavaScript:
window.scrollTo(0,document.body.scrollHeight)
Without any arguments.</msg>
<status status="PASS" starttime="20221123 09:45:47.698" endtime="20221123 09:45:47.701"/>
</kw>
<if>
<branch type="IF" condition="${feedable}">
<kw name="Get Element Count" library="SeleniumLibrary">
<var>${countFood}</var>
<arg>xpath://select[contains(@name,'kaja')]/option</arg>
<doc>Returns the number of elements matching ``locator``.</doc>
<status status="NOT RUN" starttime="20221123 09:45:47.702" endtime="20221123 09:45:47.702"/>
</kw>
<kw name="Get Element Count" library="SeleniumLibrary">
<var>${countDrink}</var>
<arg>xpath://select[contains(@name,'pia')]/option</arg>
<doc>Returns the number of elements matching ``locator``.</doc>
<status status="NOT RUN" starttime="20221123 09:45:47.702" endtime="20221123 09:45:47.702"/>
</kw>
<kw name="Select From List By Value" library="SeleniumLibrary">
<arg>kaja</arg>
<arg>${countFood}</arg>
<doc>Selects options from selection list ``locator`` by ``values``.</doc>
<status status="NOT RUN" starttime="20221123 09:45:47.702" endtime="20221123 09:45:47.702"/>
</kw>
<kw name="Select From List By Value" library="SeleniumLibrary">
<arg>pia</arg>
<arg>${countDrink}</arg>
<doc>Selects options from selection list ``locator`` by ``values``.</doc>
<status status="NOT RUN" starttime="20221123 09:45:47.702" endtime="20221123 09:45:47.702"/>
</kw>
<kw name="Click Element" library="SeleniumLibrary">
<arg>//input[contains(@value,'Mehet!')]</arg>
<doc>Click the element identified by ``locator``.</doc>
<status status="NOT RUN" starttime="20221123 09:45:47.702" endtime="20221123 09:45:47.702"/>
</kw>
<status status="NOT RUN" starttime="20221123 09:45:47.702" endtime="20221123 09:45:47.702"/>
</branch>
<status status="PASS" starttime="20221123 09:45:47.701" endtime="20221123 09:45:47.702"/>
</if>
<status status="PASS" starttime="20221123 09:45:47.536" endtime="20221123 09:45:47.702"/>
</kw>
<kw name="Learning" library="login_resources_TC1">
<kw name="Click Element" library="SeleniumLibrary">
<arg>//a[@href='/tanit.pet']</arg>
<doc>Click the element identified by ``locator``.</doc>
<msg timestamp="20221123 09:45:47.703" level="INFO">Clicking element '//a[@href='/tanit.pet']'.</msg>
<status status="PASS" starttime="20221123 09:45:47.703" endtime="20221123 09:45:47.940"/>
</kw>
<kw name="Run Keyword And Return Status" library="BuiltIn">
<var>${lessonPresent}</var>
<arg>page should contain</arg>
<arg>Válaszd ki, hogy mit tanuljon a tevéd:</arg>
<doc>Runs the given keyword with given arguments and returns the status as a Boolean value.</doc>
<kw name="Page Should Contain" library="SeleniumLibrary">
<arg>Válaszd ki, hogy mit tanuljon a tevéd:</arg>
<doc>Verifies that current page contains ``text``.</doc>
<msg timestamp="20221123 09:45:48.142" level="INFO" html="true">&lt;/td&gt;&lt;/tr&gt;&lt;tr&gt;&lt;td colspan="3"&gt;&lt;a href="selenium-screenshot-36.png"&gt;&lt;img src="selenium-screenshot-36.png" width="800px"&gt;&lt;/a&gt;</msg>
<msg timestamp="20221123 09:45:48.143" level="FAIL">Page should have contained text 'Válaszd ki, hogy mit tanuljon a tevéd:' but did not.</msg>
<status status="FAIL" starttime="20221123 09:45:47.940" endtime="20221123 09:45:48.143"/>
</kw>
<msg timestamp="20221123 09:45:48.143" level="INFO">${lessonPresent} = False</msg>
<status status="PASS" starttime="20221123 09:45:47.940" endtime="20221123 09:45:48.143"/>
</kw>
<if>
<branch type="IF" condition="${lessonPresent}">
<kw name="Select From List By Index" library="SeleniumLibrary">
<arg>xpath://*[@id="content ize"]/tbody/tr/td/table/tbody/tr[1]/td/font/b/div/form/div[1]/select</arg>
<arg>0</arg>
<doc>Selects options from selection list ``locator`` by ``indexes``.</doc>
<status status="NOT RUN" starttime="20221123 09:45:48.143" endtime="20221123 09:45:48.143"/>
</kw>
<kw name="Click Element" library="SeleniumLibrary">
<arg>//*[@id="content ize"]/tbody/tr/td/table/tbody/tr[1]/td/font/b/div/form/div[2]/input</arg>
<doc>Click the element identified by ``locator``.</doc>
<status status="NOT RUN" starttime="20221123 09:45:48.143" endtime="20221123 09:45:48.143"/>
</kw>
<status status="NOT RUN" starttime="20221123 09:45:48.143" endtime="20221123 09:45:48.143"/>
</branch>
<branch type="ELSE">
<kw name="Click Element" library="SeleniumLibrary">
<arg>//input[contains(@value,'Tanulj teve!')]</arg>
<doc>Click the element identified by ``locator``.</doc>
<msg timestamp="20221123 09:45:48.144" level="INFO">Clicking element '//input[contains(@value,'Tanulj teve!')]'.</msg>
<status status="PASS" starttime="20221123 09:45:48.143" endtime="20221123 09:45:48.340"/>
</kw>
<kw name="Click Element" library="SeleniumLibrary">
<arg>//area[contains(@shape,'poly')]</arg>
<doc>Click the element identified by ``locator``.</doc>
<msg timestamp="20221123 09:45:48.341" level="INFO">Clicking element '//area[contains(@shape,'poly')]'.</msg>
<status status="PASS" starttime="20221123 09:45:48.341" endtime="20221123 09:45:48.531"/>
</kw>
<status status="PASS" starttime="20221123 09:45:48.143" endtime="20221123 09:45:48.531"/>
</branch>
<status status="PASS" starttime="20221123 09:45:48.143" endtime="20221123 09:45:48.531"/>
</if>
<status status="PASS" starttime="20221123 09:45:47.703" endtime="20221123 09:45:48.531"/>
</kw>
<status status="PASS" starttime="20221123 09:45:47.536" endtime="20221123 09:45:48.532"/>
</test>
<kw name="Close Browsers" library="login_resources_TC1" type="TEARDOWN">
<kw name="Close All Browsers" library="SeleniumLibrary">
<doc>Closes all open browsers and resets the browser cache.</doc>
<status status="PASS" starttime="20221123 09:45:48.533" endtime="20221123 09:45:50.587"/>
</kw>
<status status="PASS" starttime="20221123 09:45:48.533" endtime="20221123 09:45:50.587"/>
</kw>
<status status="PASS" starttime="20221123 09:45:42.062" endtime="20221123 09:45:50.587"/>
</suite>
<statistics>
<total>
<stat pass="2" fail="0" skip="0">All Tests</stat>
</total>
<tag>
</tag>
<suite>
<stat pass="2" fail="0" skip="0" id="s1" name="TC1">TC1</stat>
</suite>
</statistics>
<errors>
</errors>
</robot>
